
Input: How to install Python?
  How to install Python? — 1.000
  What is Python? — 0.412
  What is Flask? — 0.203
  What is AI? — 0.167
  What is machine learning? — 0.140

Input: I am getting JAVA_HOME not set error
  Why do I get 'JAVA_HOME not set' error? — 0.677
  Why am I getting a 404 error after starting Tomcat? — 0.613
  Why am I getting SQL1035N The database is not accessible? — 0.521
  Tomcat is not starting, what should I check first? — 0.291
  WAR file is not deploying automatically, why? — 0.278

Input: Why do I get 'JAVA_HOME not set' error?
  Why do I get 'JAVA_HOME not set' error? — 1.423
  Why am I getting a 404 error after starting Tomcat? — 0.452
  Why am I getting SQL1035N The database is not accessible? — 0.341
  WAR file is not deploying automatically, why? — 0.332
  How do I change Tomcat’s default port? — 0.322

Input: how to change default tomcat port?
  How do I change Tomcat’s default port? — 0.872
  How to check logs when Tomcat fails to start? — 0.469
  How to connect to DB2 database from command line? — 0.401
  How to check installed Java version? — 0.321
  How do I deploy an application manually on Tomcat? — 0.293

Input: How to increase memory in tomcat?
  How can I increase Tomcat’s memory allocation? — 0.743
  How to check logs when Tomcat fails to start? — 0.458
  How to connect to DB2 database from command line? — 0.431
  How to check installed Java version? — 0.388
  How do I change Tomcat’s default port? — 0.351

Input: How to check java version?
  How to check installed Java version? — 0.991
  How to check logs when Tomcat fails to start? — 0.525
  How to connect to DB2 database from command line? — 0.397
  Tomcat is not starting, what should I check first? — 0.301
  How do I change Tomcat’s default port? — 0.285

Input: getting sql1035n error
  Why am I getting a 404 error after starting Tomcat? — 0.444
  Why am I getting SQL1035N The database is not accessible? — 0.403
  Why do I get 'JAVA_HOME not set' error? — 0.379
  Tomcat is not starting, what should I check first? — 0.153
  How to check installed Java version? — 0.152

Input: Why am I getting SQL1035N The database is not accessible?
  Why am I getting SQL1035N The database is not accessible? — 1.495
  Why am I getting a 404 error after starting Tomcat? — 0.562
  WAR file is not deploying automatically, why? — 0.447
  Tomcat is not starting, what should I check first? — 0.388
  Why do I get 'JAVA_HOME not set' error? — 0.358

Input: WAR file is not deploying automatically, why?
  WAR file is not deploying automatically, why? — 1.423
  Why am I getting SQL1035N The database is not accessible? — 0.411
  Tomcat is not starting, what should I check first? — 0.382
  Why do I get 'JAVA_HOME not set' error? — 0.324
  How to check logs when Tomcat fails to start? — 0.244

Input: WAR not deploying automatically
  WAR file is not deploying automatically, why? — 0.996
  Why am I getting SQL1035N The database is not accessible? — 0.263
  Why do I get 'JAVA_HOME not set' error? — 0.259
  How do I deploy an application manually on Tomcat? — 0.244
  Tomcat is not starting, what should I check first? — 0.243

Input: I want to deploy manually
  How do I deploy an application manually on Tomcat? — 0.608
  How to check logs when Tomcat fails to start? — 0.325
  How to check installed Java version? — 0.316
  How to connect to DB2 database from command line? — 0.314
  How do I change Tomcat’s default port? — 0.243

Input: How do I deploy an application manually on Tomcat?
  How do I deploy an application manually on Tomcat? — 1.456
  How do I change Tomcat’s default port? — 0.523
  How can I increase Tomcat’s memory allocation? — 0.431
  How to check logs when Tomcat fails to start? — 0.338
  Why am I getting a 404 error after starting Tomcat? — 0.310

Input: I want to change tomcat port
  How do I change Tomcat’s default port? — 0.626
  How to check logs when Tomcat fails to start? — 0.419
  Tomcat is not starting, what should I check first? — 0.342
  How to connect to DB2 database from command line? — 0.335
  How to check installed Java version? — 0.305
